<?xml version="1.0" encoding="UTF-8"?>
<testng-results ignored="0" total="3" passed="3" failed="0" skipped="0">
  <reporter-output>
  </reporter-output>
  <suite started-at="2019-06-05T08:08:18Z" name="Suite" finished-at="2019-06-05T08:09:53Z" duration-ms="95480">
    <groups>
    </groups>
    <test started-at="2019-06-05T08:08:18Z" name="Test" finished-at="2019-06-05T08:09:53Z" duration-ms="95480">
      <class name="com.qa.Dream11.testcases.RegressionPWA">
        <test-method is-config="true" signature="start()[pri:0, instance:com.qa.Dream11.testcases.RegressionPWA@5ea434c8]" started-at="2019-06-05T13:38:18Z" name="start" finished-at="2019-06-05T13:38:26Z" duration-ms="8575" status="PASS">
          <reporter-output>
          </reporter-output>
        </test-method> <!-- start -->
        <test-method signature="registerUser()[pri:1, instance:com.qa.Dream11.testcases.RegressionPWA@5ea434c8]" started-at="2019-06-05T13:38:26Z" name="registerUser" finished-at="2019-06-05T13:38:45Z" duration-ms="18592" status="PASS">
          <reporter-output>
          </reporter-output>
        </test-method> <!-- registerUser -->
        <test-method signature="selectRound()[pri:2, instance:com.qa.Dream11.testcases.RegressionPWA@5ea434c8]" started-at="2019-06-05T13:38:45Z" name="selectRound" finished-at="2019-06-05T13:38:47Z" duration-ms="1645" status="PASS">
          <reporter-output>
          </reporter-output>
        </test-method> <!-- selectRound -->
        <test-method signature="createTeam()[pri:3, instance:com.qa.Dream11.testcases.RegressionPWA@5ea434c8]" started-at="2019-06-05T13:38:47Z" name="createTeam" finished-at="2019-06-05T13:39:53Z" duration-ms="66650" status="PASS">
          <reporter-output>
          </reporter-output>
        </test-method> <!-- createTeam -->
        <test-method is-config="true" signature="close()[pri:0, instance:com.qa.Dream11.testcases.RegressionPWA@5ea434c8]" started-at="2019-06-05T13:39:53Z" name="close" finished-at="2019-06-05T13:39:53Z" duration-ms="1" status="PASS">
          <reporter-output>
          </reporter-output>
        </test-method> <!-- close -->
      </class> <!-- com.qa.Dream11.testcases.RegressionPWA -->
    </test> <!-- Test -->
  </suite> <!-- Suite -->
</testng-results>
